Starting new model hyperparameter tuning session 20240802094124772616
[I 2024-08-02 09:41:24,877] A new study created in RDB with name: model_tuning_20240802094124772616
Data for Tensorboard will be written to:
/home/devspace/project/data/model/tuning/20240802094124772616/tensorboard

CV mean logs will be written to: 
/home/devspace/project/data/model/tuning/20240802094124772616/cv_mean_logs

Individual trainer logs will be written to: 
/home/devspace/project/data/model/tuning/20240802094124772616/trainer_output
fold_0, epoch_1, Loss: 0.6220
fold_0, epoch_2, Loss: 0.5757
fold_0, epoch_3, Loss: 0.5630
fold_0, epoch_4, Loss: 0.5545
fold_0, epoch_5, Loss: 0.5570

fold_0 performance on test data:
Loss:		0.5514
Accuracy:	0.7473
AUC:		0.8228
Precision:	0.7221
Recall:		0.8049
F1:			0.7613

fold_1, epoch_1, Loss: 0.6183
fold_1, epoch_2, Loss: 0.5774
fold_1, epoch_3, Loss: 0.5642
fold_1, epoch_4, Loss: 0.5546
fold_1, epoch_5, Loss: 0.5517

fold_1 performance on test data:
Loss:		0.5473
Accuracy:	0.7519
AUC:		0.8243
Precision:	0.7536
Recall:		0.7468
F1:			0.7502

fold_2, epoch_1, Loss: 0.6107
fold_2, epoch_2, Loss: 0.5742
fold_2, epoch_3, Loss: 0.5621
fold_2, epoch_4, Loss: 0.5566
fold_2, epoch_5, Loss: 0.5537

fold_2 performance on test data:
Loss:		0.5753
Accuracy:	0.7211
AUC:		0.8135
Precision:	0.6759
Recall:		0.8514
F1:			0.7536

fold_3, epoch_1, Loss: 0.6084
fold_3, epoch_2, Loss: 0.5726
fold_3, epoch_3, Loss: 0.5623
fold_3, epoch_4, Loss: 0.5539
fold_3, epoch_5, Loss: 0.5558

fold_3 performance on test data:
Loss:		0.5467
Accuracy:	0.7511
AUC:		0.8237
Precision:	0.7479
Recall:		0.7528
F1:			0.7503

fold_4, epoch_1, Loss: 0.8127
fold_4, epoch_2, Loss: 0.8154
fold_4, epoch_3, Loss: 0.8160
fold_4, epoch_4, Loss: 0.8122
fold_4, epoch_5, Loss: 0.8144
/home/devspace/env/lib/python3.10/site-packages/sklearn/metrics/_classification.py:1531: UndefinedMetricWarning: Precision is ill-defined and being set to 0.0 due to no predicted samples. Use `zero_division` parameter to control this behavior.
  _warn_prf(average, modifier, f"{metric.capitalize()} is", len(result))

fold_4 performance on test data:
Loss:		0.8141
Accuracy:	0.4987
AUC:		0.5294
Precision:	0.0000
Recall:		0.0000
F1:			0.0000

fold_0, epoch_6, Loss: 0.5490
fold_0, epoch_7, Loss: 0.5513
fold_0, epoch_8, Loss: 0.5467
fold_0, epoch_9, Loss: 0.5446
fold_0, epoch_10, Loss: 0.5466

fold_0 performance on test data:
Loss:		0.5390
Accuracy:	0.7574
AUC:		0.8388
Precision:	0.7245
Recall:		0.8317
F1:			0.7744

fold_1, epoch_6, Loss: 0.5471
fold_1, epoch_7, Loss: 0.5469
fold_1, epoch_8, Loss: 0.5434
fold_1, epoch_9, Loss: 0.5423
fold_1, epoch_10, Loss: 0.5419

fold_1 performance on test data:
Loss:		0.5315
Accuracy:	0.7748
AUC:		0.8402
Precision:	0.7643
Recall:		0.7947
F1:			0.7792

fold_2, epoch_6, Loss: 0.5513
fold_2, epoch_7, Loss: 0.5467
fold_2, epoch_8, Loss: 0.5429
fold_2, epoch_9, Loss: 0.5367
fold_2, epoch_10, Loss: 0.5394

fold_2 performance on test data:
Loss:		0.5695
Accuracy:	0.7224
AUC:		0.8261
Precision:	0.6695
Recall:		0.8801
F1:			0.7605

fold_3, epoch_6, Loss: 0.5498
fold_3, epoch_7, Loss: 0.5452
fold_3, epoch_8, Loss: 0.5429
fold_3, epoch_9, Loss: 0.5392
fold_3, epoch_10, Loss: 0.5372

fold_3 performance on test data:
Loss:		0.5563
Accuracy:	0.7331
AUC:		0.8345
Precision:	0.6751
Recall:		0.8860
F1:			0.7663

fold_4, epoch_6, Loss: 0.8133
fold_4, epoch_7, Loss: 0.8160
fold_4, epoch_8, Loss: 0.8153
fold_4, epoch_9, Loss: 0.8168
fold_4, epoch_10, Loss: 0.8149
/home/devspace/env/lib/python3.10/site-packages/sklearn/metrics/_classification.py:1531: UndefinedMetricWarning: Precision is ill-defined and being set to 0.0 due to no predicted samples. Use `zero_division` parameter to control this behavior.
  _warn_prf(average, modifier, f"{metric.capitalize()} is", len(result))

fold_4 performance on test data:
Loss:		0.8118
Accuracy:	0.5017
AUC:		0.5253
Precision:	0.0000
Recall:		0.0000
F1:			0.0000

fold_0, epoch_11, Loss: 0.5419
fold_0, epoch_12, Loss: 0.5384
fold_0, epoch_13, Loss: 0.5383
fold_0, epoch_14, Loss: 0.5359
fold_0, epoch_15, Loss: 0.5375

fold_0 performance on test data:
Loss:		0.5429
Accuracy:	0.7550
AUC:		0.8379
Precision:	0.7036
Recall:		0.8738
F1:			0.7795

fold_1, epoch_11, Loss: 0.5408
fold_1, epoch_12, Loss: 0.5380
fold_1, epoch_13, Loss: 0.5380
fold_1, epoch_14, Loss: 0.5365
fold_1, epoch_15, Loss: 0.5363

fold_1 performance on test data:
Loss:		0.5345
Accuracy:	0.7636
AUC:		0.8428
Precision:	0.7207
Recall:		0.8683
F1:			0.7877

fold_2, epoch_11, Loss: 0.5370
fold_2, epoch_12, Loss: 0.5371
fold_2, epoch_13, Loss: 0.5353
fold_2, epoch_14, Loss: 0.5342
fold_2, epoch_15, Loss: 0.5312

fold_2 performance on test data:
Loss:		0.5226
Accuracy:	0.7789
AUC:		0.8482
Precision:	0.7685
Recall:		0.8015
F1:			0.7846

fold_3, epoch_11, Loss: 0.5350
fold_3, epoch_12, Loss: 0.5363
fold_3, epoch_13, Loss: 0.5340
fold_3, epoch_14, Loss: 0.5290
fold_3, epoch_15, Loss: 0.5272

fold_3 performance on test data:
Loss:		0.5261
Accuracy:	0.7769
AUC:		0.8444
Precision:	0.7588
Recall:		0.8112
F1:			0.7841

fold_4, epoch_11, Loss: 0.8129
fold_4, epoch_12, Loss: 0.8127
fold_4, epoch_13, Loss: 0.8118
fold_4, epoch_14, Loss: 0.8149
fold_4, epoch_15, Loss: 0.8093
/home/devspace/env/lib/python3.10/site-packages/sklearn/metrics/_classification.py:1531: UndefinedMetricWarning: Precision is ill-defined and being set to 0.0 due to no predicted samples. Use `zero_division` parameter to control this behavior.
  _warn_prf(average, modifier, f"{metric.capitalize()} is", len(result))

fold_4 performance on test data:
Loss:		0.8126
Accuracy:	0.5012
AUC:		0.5265
Precision:	0.0000
Recall:		0.0000
F1:			0.0000

fold_0, epoch_16, Loss: 0.5377
fold_0, epoch_17, Loss: 0.5321
fold_0, epoch_18, Loss: 0.5360
fold_0, epoch_19, Loss: 0.5323
fold_0, epoch_20, Loss: 0.5339

fold_0 performance on test data:
Loss:		0.5573
Accuracy:	0.7357
AUC:		0.8429
Precision:	0.6749
Recall:		0.9152
F1:			0.7769

fold_1, epoch_16, Loss: 0.5337
fold_1, epoch_17, Loss: 0.5267
fold_1, epoch_18, Loss: 0.5323
fold_1, epoch_19, Loss: 0.5310
fold_1, epoch_20, Loss: 0.5280

fold_1 performance on test data:
Loss:		0.5407
Accuracy:	0.7608
AUC:		0.8407
Precision:	0.7208
Recall:		0.8513
F1:			0.7807

fold_2, epoch_16, Loss: 0.5339
fold_2, epoch_17, Loss: 0.5291
fold_2, epoch_18, Loss: 0.5275
fold_2, epoch_19, Loss: 0.5273
fold_2, epoch_20, Loss: 0.5271

fold_2 performance on test data:
Loss:		0.5236
Accuracy:	0.7803
AUC:		0.8485
Precision:	0.7493
Recall:		0.8419
F1:			0.7929

fold_3, epoch_16, Loss: 0.5300
fold_3, epoch_17, Loss: 0.5265
fold_3, epoch_18, Loss: 0.5262
fold_3, epoch_19, Loss: 0.5273
fold_3, epoch_20, Loss: 0.5201

fold_3 performance on test data:
Loss:		0.5453
Accuracy:	0.7555
AUC:		0.8494
Precision:	0.8210
Recall:		0.6513
F1:			0.7264

fold_4, epoch_16, Loss: 0.8151
fold_4, epoch_17, Loss: 0.8129
fold_4, epoch_18, Loss: 0.8132
fold_4, epoch_19, Loss: 0.8071
fold_4, epoch_20, Loss: 0.8145
/home/devspace/env/lib/python3.10/site-packages/sklearn/metrics/_classification.py:1531: UndefinedMetricWarning: Precision is ill-defined and being set to 0.0 due to no predicted samples. Use `zero_division` parameter to control this behavior.
  _warn_prf(average, modifier, f"{metric.capitalize()} is", len(result))

fold_4 performance on test data:
Loss:		0.8146
Accuracy:	0.4984
AUC:		0.5264
Precision:	0.0000
Recall:		0.0000
F1:			0.0000

fold_0, epoch_21, Loss: 0.5320
fold_0, epoch_22, Loss: 0.5314
fold_0, epoch_23, Loss: 0.5273
fold_0, epoch_24, Loss: 0.5276
fold_0, epoch_25, Loss: 0.5297

fold_0 performance on test data:
Loss:		0.5213
Accuracy:	0.7799
AUC:		0.8499
Precision:	0.7770
Recall:		0.7825
F1:			0.7797

fold_1, epoch_21, Loss: 0.5311
fold_1, epoch_22, Loss: 0.5307
fold_1, epoch_23, Loss: 0.5315
fold_1, epoch_24, Loss: 0.5290
fold_1, epoch_25, Loss: 0.5252

fold_1 performance on test data:
Loss:		0.5305
Accuracy:	0.7697
AUC:		0.8482
Precision:	0.8018
Recall:		0.7216
F1:			0.7596

fold_2, epoch_21, Loss: 0.5245
fold_2, epoch_22, Loss: 0.5231
fold_2, epoch_23, Loss: 0.5268
fold_2, epoch_24, Loss: 0.5212
fold_2, epoch_25, Loss: 0.5228

fold_2 performance on test data:
Loss:		0.5191
Accuracy:	0.7839
AUC:		0.8545
Precision:	0.7491
Recall:		0.8609
F1:			0.8012

fold_3, epoch_21, Loss: 0.5237
fold_3, epoch_22, Loss: 0.5212
fold_3, epoch_23, Loss: 0.5221
fold_3, epoch_24, Loss: 0.5201
fold_3, epoch_25, Loss: 0.5211

fold_3 performance on test data:
Loss:		0.5596
Accuracy:	0.7279
AUC:		0.8393
Precision:	0.6670
Recall:		0.9032
F1:			0.7673

fold_4, epoch_21, Loss: 0.8112
fold_4, epoch_22, Loss: 0.8170
fold_4, epoch_23, Loss: 0.8076
fold_4, epoch_24, Loss: 0.8157
fold_4, epoch_25, Loss: 0.8119
/home/devspace/env/lib/python3.10/site-packages/sklearn/metrics/_classification.py:1531: UndefinedMetricWarning: Precision is ill-defined and being set to 0.0 due to no predicted samples. Use `zero_division` parameter to control this behavior.
  _warn_prf(average, modifier, f"{metric.capitalize()} is", len(result))

fold_4 performance on test data:
Loss:		0.8154
Accuracy:	0.4979
AUC:		0.5259
Precision:	0.0000
Recall:		0.0000
F1:			0.0000

fold_0, epoch_26, Loss: 0.5258
fold_0, epoch_27, Loss: 0.5284
fold_0, epoch_28, Loss: 0.5274
fold_0, epoch_29, Loss: 0.5215
fold_0, epoch_30, Loss: 0.5237

fold_0 performance on test data:
Loss:		0.5191
Accuracy:	0.7825
AUC:		0.8560
Precision:	0.8006
Recall:		0.7554
F1:			0.7773

fold_1, epoch_26, Loss: 0.5262
fold_1, epoch_27, Loss: 0.5244
fold_1, epoch_28, Loss: 0.5252
fold_1, epoch_29, Loss: 0.5236
fold_1, epoch_30, Loss: 0.5249

fold_1 performance on test data:
Loss:		0.5144
Accuracy:	0.7879
AUC:		0.8526
Precision:	0.7808
Recall:		0.8000
F1:			0.7903

fold_2, epoch_26, Loss: 0.5256
fold_2, epoch_27, Loss: 0.5210
fold_2, epoch_28, Loss: 0.5223
fold_2, epoch_29, Loss: 0.5160
fold_2, epoch_30, Loss: 0.5148

fold_2 performance on test data:
Loss:		0.5141
Accuracy:	0.7853
AUC:		0.8583
Precision:	0.7901
Recall:		0.7817
F1:			0.7859

fold_3, epoch_26, Loss: 0.5174
fold_3, epoch_27, Loss: 0.5154
fold_3, epoch_28, Loss: 0.5157
fold_3, epoch_29, Loss: 0.5108
fold_3, epoch_30, Loss: 0.5182

fold_3 performance on test data:
Loss:		0.5071
Accuracy:	0.7972
AUC:		0.8646
Precision:	0.7649
Recall:		0.8587
F1:			0.8091

fold_4, epoch_26, Loss: 0.8136
fold_4, epoch_27, Loss: 0.8163
fold_4, epoch_28, Loss: 0.8113
fold_4, epoch_29, Loss: 0.8172
fold_4, epoch_30, Loss: 0.8145
/home/devspace/env/lib/python3.10/site-packages/sklearn/metrics/_classification.py:1531: UndefinedMetricWarning: Precision is ill-defined and being set to 0.0 due to no predicted samples. Use `zero_division` parameter to control this behavior.
  _warn_prf(average, modifier, f"{metric.capitalize()} is", len(result))

fold_4 performance on test data:
Loss:		0.8035
Accuracy:	0.5099
AUC:		0.5262
Precision:	0.0000
Recall:		0.0000
F1:			0.0000

fold_0, epoch_31, Loss: 0.5210
fold_0, epoch_32, Loss: 0.5212
fold_0, epoch_33, Loss: 0.5201
fold_0, epoch_34, Loss: 0.5172
fold_0, epoch_35, Loss: 0.5176

fold_0 performance on test data:
Loss:		0.5073
Accuracy:	0.7963
AUC:		0.8643
Precision:	0.7775
Recall:		0.8300
F1:			0.8029

fold_1, epoch_31, Loss: 0.5207
fold_1, epoch_32, Loss: 0.5198
fold_1, epoch_33, Loss: 0.5184
fold_1, epoch_34, Loss: 0.5183
fold_1, epoch_35, Loss: 0.5204

fold_1 performance on test data:
Loss:		0.5224
Accuracy:	0.7843
AUC:		0.8547
Precision:	0.7349
Recall:		0.8796
F1:			0.8008

fold_2, epoch_31, Loss: 0.5175
fold_2, epoch_32, Loss: 0.5201
fold_2, epoch_33, Loss: 0.5157
fold_2, epoch_34, Loss: 0.5130
fold_2, epoch_35, Loss: 0.5153

fold_2 performance on test data:
Loss:		0.5338
Accuracy:	0.7589
AUC:		0.8562
Precision:	0.7015
Recall:		0.9052
F1:			0.7904

fold_3, epoch_31, Loss: 0.5110
fold_3, epoch_32, Loss: 0.5089
fold_3, epoch_33, Loss: 0.5074
fold_3, epoch_34, Loss: 0.5056
fold_3, epoch_35, Loss: 0.5061

fold_3 performance on test data:
Loss:		0.4949
Accuracy:	0.8087
AUC:		0.8697
Precision:	0.7859
Recall:		0.8438
F1:			0.8138

fold_4, epoch_31, Loss: 0.8156
fold_4, epoch_32, Loss: 0.8104
fold_4, epoch_33, Loss: 0.8118
fold_4, epoch_34, Loss: 0.8122
fold_4, epoch_35, Loss: 0.8111
/home/devspace/env/lib/python3.10/site-packages/sklearn/metrics/_classification.py:1531: UndefinedMetricWarning: Precision is ill-defined and being set to 0.0 due to no predicted samples. Use `zero_division` parameter to control this behavior.
  _warn_prf(average, modifier, f"{metric.capitalize()} is", len(result))

fold_4 performance on test data:
Loss:		0.8123
Accuracy:	0.5014
AUC:		0.5270
Precision:	0.0000
Recall:		0.0000
F1:			0.0000

fold_0, epoch_36, Loss: 0.5116
fold_0, epoch_37, Loss: 0.5103
fold_0, epoch_38, Loss: 0.5130
fold_0, epoch_39, Loss: 0.5027
fold_0, epoch_40, Loss: 0.5075

fold_0 performance on test data:
Loss:		0.5078
Accuracy:	0.7953
AUC:		0.8719
Precision:	0.7425
Recall:		0.9047
F1:			0.8156

fold_1, epoch_36, Loss: 0.5206
fold_1, epoch_37, Loss: 0.5165
fold_1, epoch_38, Loss: 0.5153
fold_1, epoch_39, Loss: 0.5198
fold_1, epoch_40, Loss: 0.5149

fold_1 performance on test data:
Loss:		0.5104
Accuracy:	0.7959
AUC:		0.8564
Precision:	0.7810
Recall:		0.8181
F1:			0.7991

fold_2, epoch_36, Loss: 0.5151
fold_2, epoch_37, Loss: 0.5107
fold_2, epoch_38, Loss: 0.5106
fold_2, epoch_39, Loss: 0.5140
fold_2, epoch_40, Loss: 0.5099

fold_2 performance on test data:
Loss:		0.5041
Accuracy:	0.8022
AUC:		0.8644
Precision:	0.7769
Recall:		0.8526
F1:			0.8130

fold_3, epoch_36, Loss: 0.5084
fold_3, epoch_37, Loss: 0.5035
fold_3, epoch_38, Loss: 0.5054
fold_3, epoch_39, Loss: 0.5044
fold_3, epoch_40, Loss: 0.5005

fold_3 performance on test data:
Loss:		0.4956
Accuracy:	0.8106
AUC:		0.8702
Precision:	0.7888
Recall:		0.8453
F1:			0.8161

fold_4, epoch_36, Loss: 0.8167
fold_4, epoch_37, Loss: 0.8101
fold_4, epoch_38, Loss: 0.8123
fold_4, epoch_39, Loss: 0.8179
fold_4, epoch_40, Loss: 0.8175
/home/devspace/env/lib/python3.10/site-packages/sklearn/metrics/_classification.py:1531: UndefinedMetricWarning: Precision is ill-defined and being set to 0.0 due to no predicted samples. Use `zero_division` parameter to control this behavior.
  _warn_prf(average, modifier, f"{metric.capitalize()} is", len(result))

fold_4 performance on test data:
Loss:		0.8134
Accuracy:	0.5010
AUC:		0.5243
Precision:	0.0000
Recall:		0.0000
F1:			0.0000

fold_0, epoch_41, Loss: 0.5031
fold_0, epoch_42, Loss: 0.5019
fold_0, epoch_43, Loss: 0.5087
fold_0, epoch_44, Loss: 0.5473
fold_0, epoch_45, Loss: 0.5126

fold_0 performance on test data:
Loss:		0.5133
Accuracy:	0.7902
AUC:		0.8616
Precision:	0.7585
Recall:		0.8489
F1:			0.8012

fold_1, epoch_41, Loss: 0.5184
fold_1, epoch_42, Loss: 0.5154
fold_1, epoch_43, Loss: 0.5162
fold_1, epoch_44, Loss: 0.5151
fold_1, epoch_45, Loss: 0.5119

fold_1 performance on test data:
Loss:		0.5099
Accuracy:	0.7975
AUC:		0.8575
Precision:	0.7888
Recall:		0.8086
F1:			0.7986

fold_2, epoch_41, Loss: 0.5063
fold_2, epoch_42, Loss: 0.5123
fold_2, epoch_43, Loss: 0.5099
fold_2, epoch_44, Loss: 0.5096
fold_2, epoch_45, Loss: 0.5088

fold_2 performance on test data:
Loss:		0.4971
Accuracy:	0.8101
AUC:		0.8693
Precision:	0.8013
Recall:		0.8227
F1:			0.8119

fold_3, epoch_41, Loss: 0.5018
fold_3, epoch_42, Loss: 0.4995
fold_3, epoch_43, Loss: 0.4963
fold_3, epoch_44, Loss: 0.4934
fold_3, epoch_45, Loss: 0.4956

fold_3 performance on test data:
Loss:		0.4891
Accuracy:	0.8190
AUC:		0.8778
Precision:	0.8091
Recall:		0.8349
F1:			0.8218

fold_4, epoch_41, Loss: 0.8123
fold_4, epoch_42, Loss: 0.8135
fold_4, epoch_43, Loss: 0.8116
fold_4, epoch_44, Loss: 0.8175
fold_4, epoch_45, Loss: 0.8062
/home/devspace/env/lib/python3.10/site-packages/sklearn/metrics/_classification.py:1531: UndefinedMetricWarning: Precision is ill-defined and being set to 0.0 due to no predicted samples. Use `zero_division` parameter to control this behavior.
  _warn_prf(average, modifier, f"{metric.capitalize()} is", len(result))

fold_4 performance on test data:
Loss:		0.8118
Accuracy:	0.5008
AUC:		0.5272
Precision:	0.0000
Recall:		0.0000
F1:			0.0000

fold_0, epoch_46, Loss: 0.5018
fold_0, epoch_47, Loss: 0.4965
fold_0, epoch_48, Loss: 0.4981
fold_0, epoch_49, Loss: 0.5004
fold_0, epoch_50, Loss: 0.4952

fold_0 performance on test data:
Loss:		0.4960
Accuracy:	0.8057
AUC:		0.8765
Precision:	0.8107
Recall:		0.7948
F1:			0.8027

fold_1, epoch_46, Loss: 0.5102
fold_1, epoch_47, Loss: 0.5109
fold_1, epoch_48, Loss: 0.5114
fold_1, epoch_49, Loss: 0.5064
fold_1, epoch_50, Loss: 0.5075

fold_1 performance on test data:
Loss:		0.5070
Accuracy:	0.7977
AUC:		0.8595
Precision:	0.8053
Recall:		0.7820
F1:			0.7935

fold_2, epoch_46, Loss: 0.5053
fold_2, epoch_47, Loss: 0.5083
fold_2, epoch_48, Loss: 0.5051
fold_2, epoch_49, Loss: 0.5032
fold_2, epoch_50, Loss: 0.5059

fold_2 performance on test data:
Loss:		0.4953
Accuracy:	0.8102
AUC:		0.8699
Precision:	0.8087
Recall:		0.8147
F1:			0.8117

fold_3, epoch_46, Loss: 0.4918
fold_3, epoch_47, Loss: 0.4899
fold_3, epoch_48, Loss: 0.4914
fold_3, epoch_49, Loss: 0.4879
fold_3, epoch_50, Loss: 0.4851

fold_3 performance on test data:
Loss:		0.4848
Accuracy:	0.8209
AUC:		0.8816
Precision:	0.7955
Recall:		0.8653
F1:			0.8289

fold_4, epoch_46, Loss: 0.8135
fold_4, epoch_47, Loss: 0.8124
fold_4, epoch_48, Loss: 0.8115
fold_4, epoch_49, Loss: 0.8114
fold_4, epoch_50, Loss: 0.8103
/home/devspace/env/lib/python3.10/site-packages/sklearn/metrics/_classification.py:1531: UndefinedMetricWarning: Precision is ill-defined and being set to 0.0 due to no predicted samples. Use `zero_division` parameter to control this behavior.
  _warn_prf(average, modifier, f"{metric.capitalize()} is", len(result))

fold_4 performance on test data:
Loss:		0.8132
Accuracy:	0.5004
AUC:		0.5252
Precision:	0.0000
Recall:		0.0000
F1:			0.0000

[I 2024-08-02 09:45:35,164] Trial 0 finished with value: 0.5592732315303899 and parameters: {'log_lstm_hidden_size': 7, 'lstm_act_name': 'ReLU', 'dropout': 0.16702034531857368, 'log_fc_hidden_size': 5, 'fc_act_name': 'ReLU', 'optimizer_name': 'RMSprop', 'learning_rate': 0.00805240453013775, 'log_batch_size': 8}. Best is trial 0 with value: 0.5592732315303899.
fold_0, epoch_1, Loss: 0.6938
fold_0, epoch_2, Loss: 0.6936
fold_0, epoch_3, Loss: 0.6931
fold_0, epoch_4, Loss: 0.6935
fold_0, epoch_5, Loss: 0.6931
/home/devspace/env/lib/python3.10/site-packages/sklearn/metrics/_classification.py:1531: UndefinedMetricWarning: Precision is ill-defined and being set to 0.0 due to no predicted samples. Use `zero_division` parameter to control this behavior.
  _warn_prf(average, modifier, f"{metric.capitalize()} is", len(result))

fold_0 performance on test data:
Loss:		0.6931
Accuracy:	0.5002
AUC:		0.5723
Precision:	0.0000
Recall:		0.0000
F1:			0.0000

fold_1, epoch_1, Loss: 0.6935
fold_1, epoch_2, Loss: 0.6937
fold_1, epoch_3, Loss: 0.6934
fold_1, epoch_4, Loss: 0.6933
fold_1, epoch_5, Loss: 0.6932
/home/devspace/env/lib/python3.10/site-packages/sklearn/metrics/_classification.py:1531: UndefinedMetricWarning: Precision is ill-defined and being set to 0.0 due to no predicted samples. Use `zero_division` parameter to control this behavior.
  _warn_prf(average, modifier, f"{metric.capitalize()} is", len(result))

fold_1 performance on test data:
Loss:		0.6930
Accuracy:	0.5006
AUC:		0.6368
Precision:	0.0000
Recall:		0.0000
F1:			0.0000

fold_2, epoch_1, Loss: 0.6933
fold_2, epoch_2, Loss: 0.6930
fold_2, epoch_3, Loss: 0.6929
fold_2, epoch_4, Loss: 0.6926
